
$GPNVS,2,,,0.00,0.00,0.00,0.00,0.00,0.00,0.00,0.00,*6E
$GPNVS,3,,,,,0.00,0.00,,0.00,0,0,1,,*40
$GPNVS,4,,,0.00,0.00,,,,,,,*68
$GPNVS,5,,,5C9,0,0,,00000,00000,*26
$GPNVS,6,0,N,1,0x00000,0x23,,0x00,00,,0x00000,,*08
$GPNVS,2,,,0.00,0.00,0.00,0.00,0.00,0.00,0.00,0.00,*6E
$GPNVS,3,,,,,0.00,0.00,,0.00,0,0,1,,*40
$GPNVS,4,,,0.00,0.00,,,,,,,*68
$GPNVS,5,,,5C9,0,0,,00000,00000,*26
$GPNVS,6,0,N,1,0x00000,0x23,,0x00,00,,0x00000,,*08
$GPNVS,2,,,0.00,0.00,0.00,0.00,0.00,0.00,0.00,0.00,*6E
$GPNVS,3,,,,,0.00,0.00,,0.00,0,0,1,,*40
$GPNVS,4,,,0.00,0.00,,,,,,,*68
$GPNVS,5,,,5C9,0,0,,00000,00000,*26
$GPNVS,6,0,N,1,0x00000,0x23,,0x00,00,,0x00000,,*08
$GPNVS,2,,,0.00,0.00,0.00,0.00,0.00,0.00,0.00,0.00,*6E
$GPNVS,3,,,,,0.00,0.00,,0.00,0,0,1,,*40
$GPNVS,4,,,0.00,0.00,,,,,,,*68
$GPNVS,5,,,5C9,0,0,,00000,00000,*26
$GPNVS,6,0,N,1,0x00000,0x23,,0x00,00,,0x00000,,*08
$GPNVS,2,,,0.00,0.00,0.00,0.00,0.00,0.00,0.00,0.00,*6E
$GPNVS,3,,,,,0.00,0.00,,0.00,0,0,1,,*40
$GPNVS,4,,,0.00,0.00,,,,,,,*68
$GPNVS,5,,,5C9,0,0,,00000,00000,*26
$GPNVS,6,0,N,1,0x00000,0x23,,0x00,00,,0x00000,,*08
$GPNVS,2,,,0.00,0.00,0.00,0.00,0.00,0.00,0.00,0.00,*6E
$GPNVS,3,,,,,0.00,0.00,,0.00,0,0,1,,*40
$GPNVS,4,,,0.00,0.00,,,,,,,*68
$GPNVS,5,,,5C9,0,0,,00000,00000,*26
$GPNVS,6,0,N,1,0x00000,0x23,,0x00,00,,0x00000,,*08
$GPNVS,2,,,0.00,0.00,0.00,0.00,0.00,0.00,0.00,0.00,*6E
$GPNVS,3,,,,,0.00,0.00,,0.00,0,0,1,,*40
$GPNVS,4,,,0.00,0.00,,,,,,,*68
$GPNVS,5,,,5C9,0,0,,00000,00000,*26
$GPNVS,6,0,N,1,0x00000,0x23,,0x00,00,,0x00000,,*08
$GPNVS,2,,,0.00,0.00,0.00,0.00,0.00,0.00,0.00,0.00,*6E
$GPNVS,3,,,,,0.00,0.00,,0.00,0,0,1,,*40
$GPNVS,4,,,0.00,0.00,,,,,,,*68
$GPNVS,5,,,5C9,0,0,,00000,00000,*26
$GPNVS,6,0,N,1,0x00000,0x23,,0x00,00,,0x00000,,*08
$GPNVS,2,,,0.00,0.00,0.00,0.00,0.00,0.00,0.00,0.00,*6E
$GPNVS,3,,,,,0.00,0.00,,0.00,0,0,1,,*40
$GPNVS,4,,,0.00,0.00,,,,,,,*68
$GPNVS,5,,,5C9,0,0,,00000,00000,*26
$GPNVS,6,0,N,1,0x00000,0x23,,0x00,00,,0x00000,,*08
$GPNVS,2,,,0.00,0.00,0.00,0.00,0.00,0.00,0.00,0.00,*6E
$GPNVS,3,,,,,0.00,0.00,,0.00,0,0,1,,*40
$GPNVS,4,,,0.00,0.00,,,,,,,*68
$GPNVS,5,,,5C9,0,0,,00000,00000,*26
$GPNVS,6,0,N,1,0x00000,0x23,,0x00,00,,0x00000,,*08
$GPNVS,2,,,0.00,0.00,0.00,0.00,0.00,0.00,0.00,0.00,*6E
$GPNVS,3,,,,,0.00,0.00,,0.00,0,0,1,,*40
$GPNVS,4,,,0.00,0.00,,,,,,,*68
$GPNVS,5,,,5C9,0,0,,00000,00000,*26
$GPNVS,6,0,N,1,0x00000,0x23,,0x00,00,,0x00000,,*08
